Arguments: 
  C:\Program Files\nodejs\node.exe C:\Users\tuana\AppData\Roaming\npm\node_modules\yarn\bin\yarn.js

PATH: 
  C:\WINDOWS\system32;C:\WINDOWS;C:\WINDOWS\System32\Wbem;C:\WINDOWS\System32\WindowsPowerShell\v1.0\;C:\WINDOWS\System32\OpenSSH\;C:\Program Files\Git\cmd;C:\Users\tuana\AppData\Roaming\nvm;C:\Program Files\nodejs;C:\Program Files\HP\HP One Agent;C:\Program Files\Cloudflare\Cloudflare WARP\;C:\Users\tuana\AppData\Local\Microsoft\WindowsApps;C:\Users\tuana\AppData\Local\Programs\Microsoft VS Code\bin;C:\Users\tuana\AppData\Roaming\npm;C:\Users\tuana\AppData\Roaming\nvm;C:\Program Files\nodejs;C:\Users\tuana\AppData\Local\GitHubDesktop\bin

Yarn version: 
  1.22.19

Node version: 
  18.16.1

Platform: 
  win32 x64

Trace: 
  Error: connect ETIMEDOUT 2606:4700::6810:1a22:443
      at TCPConnectWrap.afterConnect [as oncomplete] (node:net:1494:16)

npm manifest: 
  {
    "name": "ass",
    "version": "1.0.0",
    "description": "",
    "main": "index.js",
    "type": "module",
    "scripts": {
      "test": "echo \"Error: no test specified\" && exit 1",
      "server": "nodemon --experimental-specifier-resolution=node src/server.js"
    },
    "keywords": [],
    "author": "",
    "license": "ISC",
    "dependencies": {
      "bcrypt": "^5.1.1",
      "body-parser": "^1.20.2",
      "cloudinary": "^2.0.3",
      "cors": "^2.8.5",
      "dotenv": "^16.4.5",
      "express": "^4.18.2",
      "joi": "^17.12.2",
      "jsonwebtoken": "^9.0.2",
      "lodash": "^4.17.21",
      "mongoose": "^7.3.3",
      "mongoose-paginate-v2": "^1.7.31",
      "multer": "^1.4.5-lts.1",
      "sharp": "^0.32.3",
      "uuid": "^9.0.1"
    },
    "devDependencies": {
      "nodemon": "^3.0.1"
    }
  }

yarn manifest: 
  No manifest

Lockfile: 
  
